2023-10-29 13:10:18,231 - urllib3.connectionpool - DEBUG - Starting new HTTP connection (1): x.hupai.vip:9999
2023-10-29 13:10:18,418 - urllib3.connectionpool - DEBUG - http://x.hupai.vip:9999 "POST /location/query HTTP/1.1" 200 233
2023-10-29 13:10:18,422 - urllib3.connectionpool - DEBUG - Starting new HTTPS connection (1): apis.map.qq.com:443
2023-10-29 13:10:18,530 - urllib3.connectionpool - DEBUG - https://apis.map.qq.com:443 "GET /ws/coord/v1/translate?key=4C7BZ-OMMKT-CN7XP-VQOGV-U7CFO-I7F5B&locations=31.827573,117.15932&type=1 HTTP/1.1" 200 155
2023-10-29 13:10:18,537 - urllib3.connectionpool - DEBUG - Starting new HTTPS connection (1): apis.map.qq.com:443
2023-10-29 13:10:19,018 - urllib3.connectionpool - DEBUG - https://apis.map.qq.com:443 "GET /ws/direction/v1/driving/?from=31.82568,117.164898&to=30.298782,120.183518&output=json&key=4C7BZ-OMMKT-CN7XP-VQOGV-U7CFO-I7F5B HTTP/1.1" 200 7640
2023-10-29 13:10:33,086 - __main__ - INFO - 收到Get请求
2023-10-29 13:10:33,099 - __main__ - INFO - 发送完Get请求
2023-10-29 13:10:46,196 - __main__ - INFO - 收到Get请求
2023-10-29 13:10:46,197 - __main__ - INFO - 发送完Get请求
2023-10-29 16:20:10,927 - __main__ - INFO - 收到Get请求
2023-10-29 16:20:10,929 - __main__ - INFO - 发送完Get请求
2023-10-29 16:55:37,287 - __main__ - INFO - 没有需要发送的消息
2023-10-29 16:58:28,199 - __main__ - INFO - 没有需要发送的消息
2023-10-29 17:02:05,057 - __main__ - INFO - 没有需要发送的消息
2023-10-29 17:02:24,717 - __main__ - INFO - 没有需要发送的消息
2023-10-29 17:02:26,513 - __main__ - INFO - 没有需要发送的消息
2023-10-29 17:02:27,525 - __main__ - INFO - 没有需要发送的消息
2023-10-29 17:02:28,531 - __main__ - INFO - 没有需要发送的消息
2023-10-29 17:02:29,546 - __main__ - INFO - 没有需要发送的消息
2023-10-29 17:02:30,552 - __main__ - INFO - 没有需要发送的消息
2023-10-29 17:02:31,560 - __main__ - INFO - 没有需要发送的消息
2023-10-29 17:02:32,562 - __main__ - INFO - 没有需要发送的消息
2023-10-29 17:02:33,575 - __main__ - INFO - 没有需要发送的消息
2023-10-29 17:02:34,587 - __main__ - INFO - 没有需要发送的消息
2023-10-29 17:02:35,591 - __main__ - INFO - 没有需要发送的消息
2023-10-29 17:02:36,600 - __main__ - INFO - 没有需要发送的消息
2023-10-29 17:02:37,612 - __main__ - INFO - 没有需要发送的消息
2023-10-29 17:02:38,618 - __main__ - INFO - 没有需要发送的消息
2023-10-29 17:02:39,624 - __main__ - INFO - 没有需要发送的消息
2023-10-29 17:02:40,625 - __main__ - INFO - 没有需要发送的消息
2023-10-29 17:02:41,633 - __main__ - INFO - 没有需要发送的消息
2023-10-29 17:02:42,637 - __main__ - INFO - 没有需要发送的消息
2023-10-29 17:02:43,649 - __main__ - INFO - 没有需要发送的消息
2023-10-29 17:02:44,653 - __main__ - INFO - 没有需要发送的消息
2023-10-29 17:02:45,663 - __main__ - INFO - 没有需要发送的消息
2023-10-29 17:02:46,671 - __main__ - INFO - 没有需要发送的消息
2023-10-29 17:02:47,677 - __main__ - INFO - 没有需要发送的消息
2023-10-29 17:02:48,684 - __main__ - INFO - 没有需要发送的消息
2023-10-29 17:02:49,696 - __main__ - INFO - 没有需要发送的消息
2023-10-29 17:02:50,706 - __main__ - INFO - 没有需要发送的消息
2023-10-29 17:02:51,716 - __main__ - INFO - 没有需要发送的消息
2023-10-29 17:10:24,625 - __main__ - INFO - 我在【安徽省合肥市蜀山区蜀南庭苑(枫林路北)】，距离朗诗乐府还有412公里，大约需要4小时30分钟，具体位置是：http://x.hupai.vip:8080/location
2023-10-29 17:10:24,631 - __main__ - INFO - 离家:1065.8464894532142
2023-10-29 17:10:24,634 - __main__ - INFO - 离目的地:1065.8464894532142
2023-10-29 17:11:19,943 - __main__ - INFO - 我在【安徽省合肥市蜀山区蜀南庭苑(枫林路北)】，距离朗诗乐府还有429公里，大约需要4小时40分钟，具体位置是：http://x.hupai.vip:8080/location
2023-10-29 17:11:19,944 - __main__ - INFO - 离家:0.2317719934052293
2023-10-29 17:11:19,945 - __main__ - INFO - 离目的地:334.1220478589763
2023-10-29 17:11:58,682 - __main__ - INFO - 我在【安徽省合肥市蜀山区蜀南庭苑(枫林路北)】，距离朗诗乐府还有429公里，大约需要4小时40分钟，具体位置是：http://x.hupai.vip:8080/location
2023-10-29 17:11:58,683 - __main__ - INFO - 离家:0.2317719934052293
2023-10-29 17:11:58,684 - __main__ - INFO - 离目的地:334.1220478589763
2023-10-29 17:57:59,479 - __main__ - INFO - 我在【安徽省合肥市蜀山区保利・西山林语(枫林路南200米)】，具体位置是：http://x.hupai.vip:8080/location
2023-10-29 18:02:06,289 - __main__ - INFO - 获取位置：我在【安徽省合肥市蜀山区保利・西山林语(枫林路南100米)】，具体位置是：http://x.hupai.vip:8080/location
2023-10-29 18:02:06,291 - __main__ - INFO - 微信未打开，模拟消息我在【安徽省合肥市蜀山区保利・西山林语(枫林路南100米)】，具体位置是：http://x.hupai.vip:8080/location
2023-10-29 18:03:00,133 - __main__ - INFO - 获取位置，阶段为0：我在【安徽省合肥市蜀山区保利・西山林语(枫林路南100米)】，具体位置是：http://x.hupai.vip:8080/location
2023-10-29 18:03:00,134 - __main__ - INFO - 微信未打开，模拟消息我在【安徽省合肥市蜀山区保利・西山林语(枫林路南100米)】，具体位置是：http://x.hupai.vip:8080/location
2023-10-29 18:34:01,382 - __main__ - INFO - 距离家：0.0公里，目的地334.13590685051184公里
2023-10-29 18:34:01,383 - __main__ - INFO - 获取位置，阶段为0：我在【安徽省合肥市蜀山区保利・西山林语(枫林路南50米)】，具体位置是：http://x.hupai.vip:8080/location
2023-10-29 18:34:01,384 - __main__ - INFO - 微信未打开，模拟消息我在【安徽省合肥市蜀山区保利・西山林语(枫林路南50米)】，具体位置是：http://x.hupai.vip:8080/location
